[debug] [2020-09-22T05:49:26.524Z] ----------------------------------------------------------------------
[debug] [2020-09-22T05:49:26.527Z] Command:       C:\Program Files\nodejs\node.exe C:\Users\Jack\AppData\Roaming\npm\node_modules\firebase-tools\lib\bin\firebase.js deploy
[debug] [2020-09-22T05:49:26.528Z] CLI Version:   8.4.2
[debug] [2020-09-22T05:49:26.528Z] Platform:      win32
[debug] [2020-09-22T05:49:26.528Z] Node Version:  v14.4.0
[debug] [2020-09-22T05:49:26.530Z] Time:          Tue Sep 22 2020 00:49:26 GMT-0500 (hora estándar de Colombia)
[debug] [2020-09-22T05:49:26.531Z] ----------------------------------------------------------------------
[debug] [2020-09-22T05:49:26.531Z] 
[debug] [2020-09-22T05:49:26.554Z] > command requires scopes: ["email","openid","https://www.googleapis.com/auth/cloudplatformprojects.readonly","https://www.googleapis.com/auth/firebase","https://www.googleapis.com/auth/cloud-platform"]
[debug] [2020-09-22T05:49:26.556Z] > authorizing via signed-in user
[debug] [2020-09-22T05:49:26.556Z] [iam] checking project phaserserver-af18d for permissions ["firebase.projects.get","firebasehosting.sites.update"]
[debug] [2020-09-22T05:49:26.562Z] >>> HTTP REQUEST POST https://cloudresourcemanager.googleapis.com/v1/projects/phaserserver-af18d:testIamPermissions  
 {"permissions":["firebase.projects.get","firebasehosting.sites.update"]}
[debug] [2020-09-22T05:49:27.172Z] <<< HTTP RESPONSE 200 {"content-type":"application/json; charset=UTF-8","vary":"X-Origin, Referer, Origin,Accept-Encoding","date":"Tue, 22 Sep 2020 05:49:27 GMT","server":"ESF","cache-control":"private","x-xss-protection":"0","x-frame-options":"SAMEORIGIN","x-content-type-options":"nosniff","server-timing":"gfet4t7; dur=347","alt-svc":"h3-Q050=\":443\"; ma=2592000,h3-29=\":443\"; ma=2592000,h3-27=\":443\"; ma=2592000,h3-T051=\":443\"; ma=2592000,h3-T050=\":443\"; ma=2592000,h3-Q046=\":443\"; ma=2592000,h3-Q043=\":443\"; ma=2592000,quic=\":443\"; ma=2592000; v=\"46,43\"","accept-ranges":"none","transfer-encoding":"chunked"}
[debug] [2020-09-22T05:49:27.180Z] >>> HTTP REQUEST GET https://firebase.googleapis.com/v1beta1/projects/phaserserver-af18d  
 
[debug] [2020-09-22T05:49:27.526Z] <<< HTTP RESPONSE 200 {"content-type":"application/json; charset=UTF-8","vary":"X-Origin, Referer, Origin,Accept-Encoding","date":"Tue, 22 Sep 2020 05:49:27 GMT","server":"ESF","cache-control":"private","x-xss-protection":"0","x-frame-options":"SAMEORIGIN","x-content-type-options":"nosniff","alt-svc":"h3-Q050=\":443\"; ma=2592000,h3-29=\":443\"; ma=2592000,h3-27=\":443\"; ma=2592000,h3-T051=\":443\"; ma=2592000,h3-T050=\":443\"; ma=2592000,h3-Q046=\":443\"; ma=2592000,h3-Q043=\":443\"; ma=2592000,quic=\":443\"; ma=2592000; v=\"46,43\"","accept-ranges":"none","transfer-encoding":"chunked"}
[info] 
[info] === Deploying to 'phaserserver-af18d'...
[info] 
[info] i  deploying hosting 
[debug] [2020-09-22T05:49:27.576Z] >>> HTTP REQUEST POST https://firebasehosting.googleapis.com/v1beta1/sites/phaserserver-af18d/versions  
 {"config":{},"labels":{"deployment-tool":"cli-firebase"}}
[debug] [2020-09-22T05:49:28.688Z] <<< HTTP RESPONSE 200 {"content-type":"application/json; charset=UTF-8","vary":"X-Origin, Referer, Origin,Accept-Encoding","date":"Tue, 22 Sep 2020 05:49:29 GMT","server":"ESF","cache-control":"private","x-xss-protection":"0","x-frame-options":"SAMEORIGIN","x-content-type-options":"nosniff","alt-svc":"h3-Q050=\":443\"; ma=2592000,h3-29=\":443\"; ma=2592000,h3-27=\":443\"; ma=2592000,h3-T051=\":443\"; ma=2592000,h3-T050=\":443\"; ma=2592000,h3-Q046=\":443\"; ma=2592000,h3-Q043=\":443\"; ma=2592000,quic=\":443\"; ma=2592000; v=\"46,43\"","accept-ranges":"none","transfer-encoding":"chunked"}
